Determining if the pthread_create exist failed with the following output:
Change Dir: /home/iaguiluz/UCMEng_Collaboratory03/wsfinal/build/CMakeFiles/CMakeTmp

Run Build Command:"/usr/bin/make" "cmTC_27275/fast"
/usr/bin/make -f CMakeFiles/cmTC_27275.dir/build.make CMakeFiles/cmTC_27275.dir/build
make[1]: Entering directory '/home/iaguiluz/UCMEng_Collaboratory03/wsfinal/build/CMakeFiles/CMakeTmp'
Building C object CMakeFiles/cmTC_27275.dir/CheckSymbolExists.c.o
/usr/bin/cc     -o CMakeFiles/cmTC_27275.dir/CheckSymbolExists.c.o   -c /home/iaguiluz/UCMEng_Collaboratory03/wsfinal/build/CMakeFiles/CMakeTmp/CheckSymbolExists.c
Linking C executable cmTC_27275
/usr/bin/cmake -E cmake_link_script CMakeFiles/cmTC_27275.dir/link.txt --verbose=1
/usr/bin/cc       CMakeFiles/cmTC_27275.dir/CheckSymbolExists.c.o  -o cmTC_27275 -rdynamic 
CMakeFiles/cmTC_27275.dir/CheckSymbolExists.c.o: In function `main':
CheckSymbolExists.c:(.text+0x16): undefined reference to `pthread_create'
collect2: error: ld returned 1 exit status
CMakeFiles/cmTC_27275.dir/build.make:97: recipe for target 'cmTC_27275' failed
make[1]: *** [cmTC_27275] Error 1
make[1]: Leaving directory '/home/iaguiluz/UCMEng_Collaboratory03/wsfinal/build/CMakeFiles/CMakeTmp'
Makefile:126: recipe for target 'cmTC_27275/fast' failed
make: *** [cmTC_27275/fast] Error 2

File /home/iaguiluz/UCMEng_Collaboratory03/wsfinal/build/CMakeFiles/CMakeTmp/CheckSymbolExists.c:
/* */
#include <pthread.h>

int main(int argc, char** argv)
{
  (void)argv;
#ifndef pthread_create
  return ((int*)(&pthread_create))[argc];
#else
  (void)argc;
  return 0;
#endif
}

Determining if the function pthread_create exists in the pthreads failed with the following output:
Change Dir: /home/iaguiluz/UCMEng_Collaboratory03/wsfinal/build/CMakeFiles/CMakeTmp

Run Build Command:"/usr/bin/make" "cmTC_274b8/fast"
/usr/bin/make -f CMakeFiles/cmTC_274b8.dir/build.make CMakeFiles/cmTC_274b8.dir/build
make[1]: Entering directory '/home/iaguiluz/UCMEng_Collaboratory03/wsfinal/build/CMakeFiles/CMakeTmp'
Building C object CMakeFiles/cmTC_274b8.dir/CheckFunctionExists.c.o
/usr/bin/cc    -DCHECK_FUNCTION_EXISTS=pthread_create   -o CMakeFiles/cmTC_274b8.dir/CheckFunctionExists.c.o   -c /usr/share/cmake-3.5/Modules/CheckFunctionExists.c
Linking C executable cmTC_274b8
/usr/bin/cmake -E cmake_link_script CMakeFiles/cmTC_274b8.dir/link.txt --verbose=1
/usr/bin/cc   -DCHECK_FUNCTION_EXISTS=pthread_create    CMakeFiles/cmTC_274b8.dir/CheckFunctionExists.c.o  -o cmTC_274b8 -rdynamic -lpthreads 
/usr/bin/ld: cannot find -lpthreads
collect2: error: ld returned 1 exit status
CMakeFiles/cmTC_274b8.dir/build.make:97: recipe for target 'cmTC_274b8' failed
make[1]: *** [cmTC_274b8] Error 1
make[1]: Leaving directory '/home/iaguiluz/UCMEng_Collaboratory03/wsfinal/build/CMakeFiles/CMakeTmp'
Makefile:126: recipe for target 'cmTC_274b8/fast' failed
make: *** [cmTC_274b8/fast] Error 2


